Build started 10/26/2015 8:43:48 PM.
     1>Project "c:\Users\tz6ysq\documents\visual studio 2015\Projects\Daily 4 Easy CPP\Daily 4 Easy CPP\Daily 4 Easy CPP.vcxproj" on node 2 (Build target(s)).
     1>ClCompile:
         C:\Program Files (x86)\Microsoft Visual Studio 14.0\VC\bin\CL.exe /c /ZI /nologo /W3 /WX- /sdl /Od /Oy- /D WIN32 /D _DEBUG /D _CONSOLE /D _UNICODE /D UNICODE /Gm /EHsc /RTC1 /MDd /GS /fp:precise /Zc:wchar_t /Zc:forScope /Zc:inline /Yc"stdafx.h" /Fp"Debug\Daily 4 Easy CPP.pch" /Fo"Debug\\" /Fd"Debug\vc140.pdb" /Gd /TP /analyze- /errorReport:prompt stdafx.cpp
         stdafx.cpp
         C:\Program Files (x86)\Microsoft Visual Studio 14.0\VC\bin\CL.exe /c /ZI /nologo /W3 /WX- /sdl /Od /Oy- /D WIN32 /D _DEBUG /D _CONSOLE /D _UNICODE /D UNICODE /Gm /EHsc /RTC1 /MDd /GS /fp:precise /Zc:wchar_t /Zc:forScope /Zc:inline /Yu"stdafx.h" /Fp"Debug\Daily 4 Easy CPP.pch" /Fo"Debug\\" /Fd"Debug\vc140.pdb" /Gd /TP /analyze- /errorReport:prompt "Daily 4 Easy CPP.cpp"
         Daily 4 Easy CPP.cpp
     1>c:\users\tz6ysq\documents\visual studio 2015\projects\daily 4 easy cpp\daily 4 easy cpp\daily 4 easy cpp.cpp(11): error C3861: 'GeneratePasswords': identifier not found
     1>Done Building Project "c:\Users\tz6ysq\documents\visual studio 2015\Projects\Daily 4 Easy CPP\Daily 4 Easy CPP\Daily 4 Easy CPP.vcxproj" (Build target(s)) -- FAILED.

Build FAILED.

Time Elapsed 00:00:01.78
